<?xml version="1.0" encoding="utf-8"?><testsuites name="pytest tests"><testsuite name="pytest" errors="0" failures="0" skipped="0" tests="16" time="7.792" timestamp="2026-04-09T14:29:48.160501+00:00" hostname="agent-env-02a03aaf-99f8-4d6c-b3d6-ee6a424ea558"><testcase classname="backend.tests.test_bisd_hub_iter6.TestAuthentication" name="test_admin_login" time="0.521" /><testcase classname="backend.tests.test_bisd_hub_iter6.TestAuthentication" name="test_moderator_login" time="0.329" /><testcase classname="backend.tests.test_bisd_hub_iter6.TestAuthentication" name="test_user_login" time="0.353" /><testcase classname="backend.tests.test_bisd_hub_iter6.TestModerationEndpoints" name="test_get_post_reports_enriched" time="0.512" /><testcase classname="backend.tests.test_bisd_hub_iter6.TestModerationEndpoints" name="test_get_chat_reports_endpoint" time="0.555" /><testcase classname="backend.tests.test_bisd_hub_iter6.TestModerationEndpoints" name="test_resolve_chat_report_endpoint" time="0.599" /><testcase classname="backend.tests.test_bisd_hub_iter6.TestSearchEndpoints" name="test_search_users" time="0.512" /><testcase classname="backend.tests.test_bisd_hub_iter6.TestSearchEndpoints" name="test_search_posts" time="0.480" /><testcase classname="backend.tests.test_bisd_hub_iter6.TestChatReportFlow" name="test_chat_report_endpoint" time="0.505" /><testcase classname="backend.tests.test_bisd_hub_iter6.TestAdminEndpoints" name="test_get_all_users" time="0.456" /><testcase classname="backend.tests.test_bisd_hub_iter6.TestAdminEndpoints" name="test_action_logs_with_search" time="0.598" /><testcase classname="backend.tests.test_bisd_hub_iter6.TestFriendsEndpoints" name="test_friends_list" time="0.467" /><testcase classname="backend.tests.test_bisd_hub_iter6.TestFriendsEndpoints" name="test_friend_requests" time="0.466" /><testcase classname="backend.tests.test_bisd_hub_iter6.TestNotifications" name="test_get_notifications" time="0.448" /><testcase classname="backend.tests.test_bisd_hub_iter6.TestChatRooms" name="test_get_chat_rooms" time="0.459" /><testcase classname="backend.tests.test_bisd_hub_iter6.TestChatRooms" name="test_get_chat_messages" time="0.438" /></testsuite></testsuites>