<?xml version="1.0" encoding="utf-8"?><testsuites name="pytest tests"><testsuite name="pytest" errors="0" failures="0" skipped="0" tests="20" time="9.410" timestamp="2026-04-09T13:58:39.095605+00:00" hostname="agent-env-02a03aaf-99f8-4d6c-b3d6-ee6a424ea558"><testcase classname="backend.tests.test_bisd_hub_iter5.TestAuth" name="test_admin_login" time="0.407" /><testcase classname="backend.tests.test_bisd_hub_iter5.TestAuth" name="test_user_login" time="0.337" /><testcase classname="backend.tests.test_bisd_hub_iter5.TestAuth" name="test_mod_login" time="0.329" /><testcase classname="backend.tests.test_bisd_hub_iter5.TestFriendsEndpoints" name="test_get_friends_list" time="0.450" /><testcase classname="backend.tests.test_bisd_hub_iter5.TestFriendsEndpoints" name="test_get_friend_requests" time="0.483" /><testcase classname="backend.tests.test_bisd_hub_iter5.TestAdminEditUser" name="test_get_all_users" time="0.442" /><testcase classname="backend.tests.test_bisd_hub_iter5.TestAdminEditUser" name="test_edit_user_endpoint_exists" time="0.619" /><testcase classname="backend.tests.test_bisd_hub_iter5.TestActionLogs" name="test_get_action_logs" time="0.511" /><testcase classname="backend.tests.test_bisd_hub_iter5.TestActionLogs" name="test_action_logs_search" time="0.449" /><testcase classname="backend.tests.test_bisd_hub_iter5.TestActionLogs" name="test_action_logs_with_limit" time="0.441" /><testcase classname="backend.tests.test_bisd_hub_iter5.TestChatReport" name="test_chat_report_endpoint_exists" time="0.444" /><testcase classname="backend.tests.test_bisd_hub_iter5.TestChatRooms" name="test_get_chat_rooms" time="0.594" /><testcase classname="backend.tests.test_bisd_hub_iter5.TestChatRooms" name="test_get_general_chat_messages" time="0.440" /><testcase classname="backend.tests.test_bisd_hub_iter5.TestPostFeed" name="test_get_public_feed" time="0.460" /><testcase classname="backend.tests.test_bisd_hub_iter5.TestPostFeed" name="test_get_official_feed" time="0.559" /><testcase classname="backend.tests.test_bisd_hub_iter5.TestPostFeed" name="test_get_friends_feed" time="0.508" /><testcase classname="backend.tests.test_bisd_hub_iter5.TestNotifications" name="test_get_notifications" time="0.440" /><testcase classname="backend.tests.test_bisd_hub_iter5.TestNotifications" name="test_get_unread_count" time="0.466" /><testcase classname="backend.tests.test_bisd_hub_iter5.TestDMEndpoints" name="test_get_dm_conversations" time="0.464" /><testcase classname="backend.tests.test_bisd_hub_iter5.TestModerationEndpoints" name="test_get_reports" time="0.468" /></testsuite></testsuites>