<?xml version="1.0" encoding="utf-8"?><testsuites name="pytest tests"><testsuite name="pytest" errors="0" failures="0" skipped="0" tests="35" time="15.506" timestamp="2026-04-07T17:29:43.657824+00:00" hostname="agent-env-02a03aaf-99f8-4d6c-b3d6-ee6a424ea558"><testcase classname="backend.tests.test_bisd_hub.TestAPIRoot" name="test_api_root" time="0.233" /><testcase classname="backend.tests.test_bisd_hub.TestAuthentication" name="test_admin_login_success" time="0.397" /><testcase classname="backend.tests.test_bisd_hub.TestAuthentication" name="test_moderator_login_success" time="0.363" /><testcase classname="backend.tests.test_bisd_hub.TestAuthentication" name="test_management_login_success" time="0.332" /><testcase classname="backend.tests.test_bisd_hub.TestAuthentication" name="test_login_invalid_credentials" time="0.328" /><testcase classname="backend.tests.test_bisd_hub.TestAuthentication" name="test_login_nonexistent_user" time="0.121" /><testcase classname="backend.tests.test_bisd_hub.TestUserProfile" name="test_get_my_profile" time="0.469" /><testcase classname="backend.tests.test_bisd_hub.TestUserProfile" name="test_update_profile" time="0.463" /><testcase classname="backend.tests.test_bisd_hub.TestUserProfile" name="test_get_user_by_id_number" time="0.441" /><testcase classname="backend.tests.test_bisd_hub.TestUserProfile" name="test_search_users" time="0.458" /><testcase classname="backend.tests.test_bisd_hub.TestPosts" name="test_create_public_post" time="0.458" /><testcase classname="backend.tests.test_bisd_hub.TestPosts" name="test_create_official_post" time="0.492" /><testcase classname="backend.tests.test_bisd_hub.TestPosts" name="test_get_public_feed" time="0.442" /><testcase classname="backend.tests.test_bisd_hub.TestPosts" name="test_get_official_feed" time="0.474" /><testcase classname="backend.tests.test_bisd_hub.TestPosts" name="test_get_following_feed" time="0.433" /><testcase classname="backend.tests.test_bisd_hub.TestPosts" name="test_get_friends_feed" time="0.466" /><testcase classname="backend.tests.test_bisd_hub.TestPosts" name="test_like_unlike_post" time="0.669" /><testcase classname="backend.tests.test_bisd_hub.TestPosts" name="test_add_comment" time="0.547" /><testcase classname="backend.tests.test_bisd_hub.TestPosts" name="test_search_posts" time="0.438" /><testcase classname="backend.tests.test_bisd_hub.TestGlobalChat" name="test_get_general_chat_messages" time="0.465" /><testcase classname="backend.tests.test_bisd_hub.TestDirectMessages" name="test_get_dm_conversations" time="0.456" /><testcase classname="backend.tests.test_bisd_hub.TestDirectMessages" name="test_send_dm" time="0.837" /><testcase classname="backend.tests.test_bisd_hub.TestAdminPanel" name="test_get_pending_registrations" time="0.481" /><testcase classname="backend.tests.test_bisd_hub.TestAdminPanel" name="test_get_all_users" time="0.441" /><testcase classname="backend.tests.test_bisd_hub.TestAdminPanel" name="test_get_help_chats" time="0.464" /><testcase classname="backend.tests.test_bisd_hub.TestModerationPanel" name="test_get_reports" time="0.463" /><testcase classname="backend.tests.test_bisd_hub.TestManagementPanel" name="test_get_all_users_with_passwords" time="0.434" /><testcase classname="backend.tests.test_bisd_hub.TestManagementPanel" name="test_get_action_logs" time="0.461" /><testcase classname="backend.tests.test_bisd_hub.TestFriendSystem" name="test_get_friend_requests" time="0.459" /><testcase classname="backend.tests.test_bisd_hub.TestFriendSystem" name="test_get_friends_list" time="0.457" /><testcase classname="backend.tests.test_bisd_hub.TestNotifications" name="test_get_notifications" time="0.418" /><testcase classname="backend.tests.test_bisd_hub.TestNotifications" name="test_get_unread_count" time="0.524" /><testcase classname="backend.tests.test_bisd_hub.TestRegistrationStatus" name="test_check_registration_status_not_found" time="0.107" /><testcase classname="backend.tests.test_bisd_hub.TestFollowSystem" name="test_get_followers" time="0.458" /><testcase classname="backend.tests.test_bisd_hub.TestFollowSystem" name="test_get_following" time="0.448" /></testsuite></testsuites>