<?xml version="1.0" encoding="utf-8"?><testsuites name="pytest tests"><testsuite name="pytest" errors="0" failures="0" skipped="0" tests="28" time="13.232" timestamp="2026-04-09T16:06:45.523763+00:00" hostname="agent-env-02a03aaf-99f8-4d6c-b3d6-ee6a424ea558"><testcase classname="backend.tests.test_bisd_hub_iter7.TestAuthentication" name="test_user_login" time="0.500" /><testcase classname="backend.tests.test_bisd_hub_iter7.TestAuthentication" name="test_admin_login" time="0.443" /><testcase classname="backend.tests.test_bisd_hub_iter7.TestAuthentication" name="test_moderator_login" time="0.373" /><testcase classname="backend.tests.test_bisd_hub_iter7.TestUploadEndpoint" name="test_upload_audio_webm" time="0.492" /><testcase classname="backend.tests.test_bisd_hub_iter7.TestUploadEndpoint" name="test_upload_audio_ogg" time="0.526" /><testcase classname="backend.tests.test_bisd_hub_iter7.TestUploadEndpoint" name="test_upload_audio_mp4" time="0.489" /><testcase classname="backend.tests.test_bisd_hub_iter7.TestUploadEndpoint" name="test_upload_audio_mpeg" time="0.462" /><testcase classname="backend.tests.test_bisd_hub_iter7.TestUploadEndpoint" name="test_upload_audio_wav" time="0.481" /><testcase classname="backend.tests.test_bisd_hub_iter7.TestUploadEndpoint" name="test_upload_image_still_works" time="0.450" /><testcase classname="backend.tests.test_bisd_hub_iter7.TestUploadEndpoint" name="test_upload_unauthorized" time="0.117" /><testcase classname="backend.tests.test_bisd_hub_iter7.TestChatRooms" name="test_get_chat_rooms" time="0.465" /><testcase classname="backend.tests.test_bisd_hub_iter7.TestChatRooms" name="test_get_chat_messages" time="0.486" /><testcase classname="backend.tests.test_bisd_hub_iter7.TestDMConversations" name="test_get_dm_conversations" time="0.516" /><testcase classname="backend.tests.test_bisd_hub_iter7.TestDMConversations" name="test_dm_search_endpoint" time="0.546" /><testcase classname="backend.tests.test_bisd_hub_iter7.TestDMConversations" name="test_dm_search_empty_query" time="0.472" /><testcase classname="backend.tests.test_bisd_hub_iter7.TestGlobalChatFeatures" name="test_chat_messages_have_expected_fields" time="0.475" /><testcase classname="backend.tests.test_bisd_hub_iter7.TestSearchEndpoints" name="test_search_users" time="0.545" /><testcase classname="backend.tests.test_bisd_hub_iter7.TestSearchEndpoints" name="test_search_posts" time="0.487" /><testcase classname="backend.tests.test_bisd_hub_iter7.TestAdminPanel" name="test_get_all_users" time="0.477" /><testcase classname="backend.tests.test_bisd_hub_iter7.TestAdminPanel" name="test_get_action_logs" time="0.506" /><testcase classname="backend.tests.test_bisd_hub_iter7.TestAdminPanel" name="test_action_logs_search" time="0.456" /><testcase classname="backend.tests.test_bisd_hub_iter7.TestModerationPanel" name="test_get_post_reports" time="0.453" /><testcase classname="backend.tests.test_bisd_hub_iter7.TestModerationPanel" name="test_get_chat_reports" time="0.505" /><testcase classname="backend.tests.test_bisd_hub_iter7.TestSettingsAndFriends" name="test_get_friends_list" time="0.454" /><testcase classname="backend.tests.test_bisd_hub_iter7.TestSettingsAndFriends" name="test_get_friend_requests" time="0.451" /><testcase classname="backend.tests.test_bisd_hub_iter7.TestSettingsAndFriends" name="test_get_notifications" time="0.473" /><testcase classname="backend.tests.test_bisd_hub_iter7.TestPostFeatures" name="test_get_public_feed" time="0.543" /><testcase classname="backend.tests.test_bisd_hub_iter7.TestPostFeatures" name="test_get_official_feed" time="0.484" /></testsuite></testsuites>