<?xml version="1.0" encoding="utf-8"?><testsuites name="pytest tests"><testsuite name="pytest" errors="0" failures="0" skipped="0" tests="31" time="16.930" timestamp="2026-04-09T16:25:11.251117+00:00" hostname="agent-env-02a03aaf-99f8-4d6c-b3d6-ee6a424ea558"><testcase classname="backend.tests.test_bisd_hub_iter8.TestAuthentication" name="test_login_user001" time="0.469" /><testcase classname="backend.tests.test_bisd_hub_iter8.TestAuthentication" name="test_login_admin001" time="0.391" /><testcase classname="backend.tests.test_bisd_hub_iter8.TestAuthentication" name="test_login_mod001" time="0.373" /><testcase classname="backend.tests.test_bisd_hub_iter8.TestProfileUpdateRestrictions" name="test_name_change_blocked" time="0.809" /><testcase classname="backend.tests.test_bisd_hub_iter8.TestProfileUpdateRestrictions" name="test_bio_update_allowed" time="0.526" /><testcase classname="backend.tests.test_bisd_hub_iter8.TestProfileUpdateRestrictions" name="test_privacy_settings_update_allowed" time="0.470" /><testcase classname="backend.tests.test_bisd_hub_iter8.TestFriendRequestRequiresFollowing" name="test_friend_request_without_following_fails" time="0.620" /><testcase classname="backend.tests.test_bisd_hub_iter8.TestFriendRequestRequiresFollowing" name="test_friend_request_after_following_succeeds" time="0.568" /><testcase classname="backend.tests.test_bisd_hub_iter8.TestPostCreationWithVoiceUrl" name="test_create_post_with_voice_url" time="0.508" /><testcase classname="backend.tests.test_bisd_hub_iter8.TestPostCreationWithVoiceUrl" name="test_create_post_without_voice_url" time="1.759" /><testcase classname="backend.tests.test_bisd_hub_iter8.TestAudioUploadMimeTypes" name="test_upload_audio_webm" time="0.534" /><testcase classname="backend.tests.test_bisd_hub_iter8.TestAudioUploadMimeTypes" name="test_upload_audio_ogg" time="0.639" /><testcase classname="backend.tests.test_bisd_hub_iter8.TestAudioUploadMimeTypes" name="test_upload_audio_mp4" time="0.548" /><testcase classname="backend.tests.test_bisd_hub_iter8.TestAudioUploadMimeTypes" name="test_upload_audio_mpeg" time="0.446" /><testcase classname="backend.tests.test_bisd_hub_iter8.TestAudioUploadMimeTypes" name="test_upload_audio_wav" time="0.437" /><testcase classname="backend.tests.test_bisd_hub_iter8.TestChatMessages24HourFilter" name="test_chat_messages_endpoint" time="0.465" /><testcase classname="backend.tests.test_bisd_hub_iter8.TestDMSearch" name="test_dm_search_endpoint" time="0.464" /><testcase classname="backend.tests.test_bisd_hub_iter8.TestDMSearch" name="test_dm_search_empty_query" time="0.461" /><testcase classname="backend.tests.test_bisd_hub_iter8.TestSearchEndpoints" name="test_user_search" time="0.473" /><testcase classname="backend.tests.test_bisd_hub_iter8.TestSearchEndpoints" name="test_post_search" time="0.463" /><testcase classname="backend.tests.test_bisd_hub_iter8.TestReportSystem" name="test_report_returns_serial_number" time="0.628" /><testcase classname="backend.tests.test_bisd_hub_iter8.TestModerationReports" name="test_get_post_reports" time="0.452" /><testcase classname="backend.tests.test_bisd_hub_iter8.TestModerationReports" name="test_get_chat_reports" time="0.501" /><testcase classname="backend.tests.test_bisd_hub_iter8.TestAdminPanel" name="test_get_all_users" time="0.452" /><testcase classname="backend.tests.test_bisd_hub_iter8.TestAdminPanel" name="test_get_action_logs" time="0.463" /><testcase classname="backend.tests.test_bisd_hub_iter8.TestAdminPanel" name="test_action_logs_search" time="0.462" /><testcase classname="backend.tests.test_bisd_hub_iter8.TestNotifications" name="test_get_notifications" time="0.494" /><testcase classname="backend.tests.test_bisd_hub_iter8.TestNotifications" name="test_unread_count" time="0.483" /><testcase classname="backend.tests.test_bisd_hub_iter8.TestFriendsSystem" name="test_get_friends_list" time="0.433" /><testcase classname="backend.tests.test_bisd_hub_iter8.TestFriendsSystem" name="test_get_friend_requests" time="0.490" /><testcase classname="backend.tests.test_bisd_hub_iter8.TestSettingsEndpoints" name="test_push_notifications_toggle" time="0.532" /></testsuite></testsuites>